<?xml version="1.0" encoding="UTF-8"?>
<!-- Generated by org.testng.reporters.JUnitXMLReporter -->
<testsuite ignored="0" hostname="DESKTOP-SU3UOIP" failures="0" tests="4" name="Default test" time="60.424" errors="0" timestamp="2022-04-12T06:04:38 EEST">
  <testcase classname="com.Rainbow.Testcases.LoginPageTest" name="LoginPage" time="18.408"/>
  <testcase classname="com.Rainbow.Testcases.LoginPageTest" name="LoginPage" time="10.212"/>
  <testcase classname="com.Rainbow.Testcases.LoginPageTest" name="LoginPage" time="8.662"/>
  <testcase classname="com.Rainbow.Testcases.LoginPageTest" name="LoginPage" time="10.273"/>
</testsuite> <!-- Default test -->
