<?xml version="1.0" encoding="UTF-8"?>
<!-- Generated by org.testng.reporters.JUnitXMLReporter -->
<testsuite ignored="0" hostname="DESKTOP-SU3UOIP" failures="0" tests="7" name="End To End Test" time="140.212" errors="0" timestamp="2022-04-12T06:08:25 EEST">
  <testcase classname="com.Rainbow.Testcases.LoginPageTest" name="LoginPage" time="20.431"/>
  <testcase classname="com.Rainbow.Testcases.LoginPageTest" name="LoginPage" time="9.352"/>
  <testcase classname="com.Rainbow.Testcases.LoginPageTest" name="LoginPage" time="8.368"/>
  <testcase classname="com.Rainbow.Testcases.LoginPageTest" name="LoginPage" time="17.664"/>
  <testcase classname="com.Rainbow.Testcases.ConversationTest" name="ConversationTest" time="3.818"/>
  <testcase classname="com.Rainbow.Testcases.ReadWriteDataFromCSV" name="SearchAndWriteDataToCsvTest" time="1.861"/>
  <testcase classname="com.Rainbow.Testcases.ReadWriteDataFromCSV" name="SearchAndWriteDataToCsvTest" time="1.698"/>
</testsuite> <!-- End To End Test -->
